app/build/app/intermediates/manifest_merge_blame_file/adminRelease/manifest-merger-blame-admin-release-report.txt
1<?xml version="1.0" encoding="utf-8"?>
2<manifest xmlns:android="http://schemas.android.com/apk/res/android"
3    package="com.farmai.admin"
4    android:versionCode="1"
5    android:versionName="1.0.0-admin" >
6
7    <uses-sdk
8        android:minSdkVersion="23"
9        android:targetSdkVersion="35" />
10
11    <uses-permission android:name="android.permission.READ_EXTERNAL_STORAGE" />
11-->src/main/AndroidManifest.xml:3:5-80
11-->src/main/AndroidManifest.xml:3:22-77
12    <uses-permission android:name="android.permission.WRITE_EXTERNAL_STORAGE" />
12-->src/main/AndroidManifest.xml:4:5-81
12-->src/main/AndroidManifest.xml:4:22-78
13    <uses-permission android:name="android.permission.INTERNET" />
13-->src/main/AndroidManifest.xml:5:5-66
13-->src/main/AndroidManifest.xml:5:22-64
14
15    <queries>
15-->src/main/AndroidManifest.xml:7:5-13:15
16        <intent>
16-->src/main/AndroidManifest.xml:8:9-12:18
17            <action android:name="android.intent.action.VIEW" />
17-->src/main/AndroidManifest.xml:9:13-65
17-->src/main/AndroidManifest.xml:9:21-62
18
19            <category android:name="android.intent.category.BROWSABLE" />
19-->src/main/AndroidManifest.xml:10:13-74
19-->src/main/AndroidManifest.xml:10:23-71
20
21            <data android:scheme="https" />
21-->src/main/AndroidManifest.xml:11:13-44
21-->src/main/AndroidManifest.xml:11:19-41
22        </intent>
23    </queries>
24
25    <uses-permission android:name="android.permission.ACCESS_NETWORK_STATE" />
25-->[com.google.firebase:firebase-auth:23.2.0] AndroidManifest.xml:26:5-79
25-->[com.google.firebase:firebase-auth:23.2.0] AndroidManifest.xml:26:22-76
26    <uses-permission android:name="com.google.android.providers.gsf.permission.READ_GSERVICES" />
26-->[com.google.android.recaptcha:recaptcha:18.6.1] AndroidManifest.xml:9:5-98
26-->[com.google.android.recaptcha:recaptcha:18.6.1] AndroidManifest.xml:9:22-95
27
28    <permission
28-->[androidx.core:core:1.13.1] AndroidManifest.xml:22:5-24:47
29        android:name="com.farmai.admin.DYNAMIC_RECEIVER_NOT_EXPORTED_PERMISSION"
29-->[androidx.core:core:1.13.1] AndroidManifest.xml:23:9-81
30        android:protectionLevel="signature" />
30-->[androidx.core:core:1.13.1] AndroidManifest.xml:24:9-44
31
32    <uses-permission android:name="com.farmai.admin.DYNAMIC_RECEIVER_NOT_EXPORTED_PERMISSION" />
32-->[androidx.core:core:1.13.1] AndroidManifest.xml:26:5-97
32-->[androidx.core:core:1.13.1] AndroidManifest.xml:26:22-94
33
34    <application
35        android:name="android.app.Application"
35-->src/main/AndroidManifest.xml:17:9-42
36        android:appComponentFactory="androidx.core.app.CoreComponentFactory"
36-->[androidx.core:core:1.13.1] AndroidManifest.xml:28:18-86
37        android:extractNativeLibs="false"
38        android:icon="@mipmap/ic_launcher"
38-->src/main/AndroidManifest.xml:18:9-43
39        android:label="@string/app_name" >
39-->src/main/AndroidManifest.xml:16:9-41
40        <activity
40-->src/main/AndroidManifest.xml:19:9-39:20
41            android:name="com.example.e_commerce_app.MainActivity"
41-->src/main/AndroidManifest.xml:20:13-41
42            android:configChanges="orientation|keyboardHidden|keyboard|screenSize|smallestScreenSize|locale|layoutDirection|fontScale|screenLayout|density|uiMode"
42-->src/main/AndroidManifest.xml:24:13-163
43            android:exported="true"
43-->src/main/AndroidManifest.xml:21:13-36
44            android:hardwareAccelerated="true"
44-->src/main/AndroidManifest.xml:25:13-47
45            android:launchMode="singleTop"
45-->src/main/AndroidManifest.xml:22:13-43
46            android:theme="@style/LaunchTheme"
46-->src/main/AndroidManifest.xml:23:13-47
47            android:windowSoftInputMode="adjustResize" >
47-->src/main/AndroidManifest.xml:26:13-55
48
49            <!--
50                 Specifies an Android theme to apply to this Activity as soon as
51                 the Android process has started. This theme is visible to the user
52                 while the Flutter UI initializes. After that, this theme continues
53                 to determine the Window background behind the Flutter UI.
54            -->
55            <meta-data
55-->src/main/AndroidManifest.xml:31:13-34:17
56                android:name="io.flutter.embedding.android.NormalTheme"
56-->src/main/AndroidManifest.xml:32:15-70
57                android:resource="@style/NormalTheme" />
57-->src/main/AndroidManifest.xml:33:15-52
58
59            <intent-filter>
59-->src/main/AndroidManifest.xml:35:13-38:29
60                <action android:name="android.intent.action.MAIN" />
60-->src/main/AndroidManifest.xml:36:17-68
60-->src/main/AndroidManifest.xml:36:25-66
61
62                <category android:name="android.intent.category.LAUNCHER" />
62-->src/main/AndroidManifest.xml:37:17-76
62-->src/main/AndroidManifest.xml:37:27-74
63            </intent-filter>
64        </activity>
65        <!--
66             Don't delete the meta-data below.
67             This is used by the Flutter tool to generate GeneratedPluginRegistrant.java
68        -->
69        <meta-data
69-->src/main/AndroidManifest.xml:42:9-44:33
70            android:name="flutterEmbedding"
70-->src/main/AndroidManifest.xml:43:13-44
71            android:value="2" />
71-->src/main/AndroidManifest.xml:44:13-30
72
73        <service
73-->[:firebase_auth] AndroidManifest.xml:8:9-12:19
74            android:name="com.google.firebase.components.ComponentDiscoveryService"
74-->[:firebase_auth] AndroidManifest.xml:8:18-89
75            android:directBootAware="true"
75-->[com.google.firebase:firebase-common:21.0.0] AndroidManifest.xml:32:13-43
76            android:exported="false" >
76-->[com.google.firebase:firebase-auth:23.2.0] AndroidManifest.xml:68:13-37
77            <meta-data
77-->[:firebase_auth] AndroidManifest.xml:9:13-11:85
78                android:name="com.google.firebase.components:io.flutter.plugins.firebase.auth.FlutterFirebaseAuthRegistrar"
78-->[:firebase_auth] AndroidManifest.xml:10:17-124
79                android:value="com.google.firebase.components.ComponentRegistrar" />
79-->[:firebase_auth] AndroidManifest.xml:11:17-82
80            <meta-data
80-->[:cloud_firestore] AndroidManifest.xml:9:13-11:85
81                android:name="com.google.firebase.components:io.flutter.plugins.firebase.firestore.FlutterFirebaseFirestoreRegistrar"
81-->[:cloud_firestore] AndroidManifest.xml:10:17-134
82                android:value="com.google.firebase.components.ComponentRegistrar" />
82-->[:cloud_firestore] AndroidManifest.xml:11:17-82
83            <meta-data
83-->[:firebase_storage] AndroidManifest.xml:9:13-11:85
84                android:name="com.google.firebase.components:io.flutter.plugins.firebase.storage.FlutterFirebaseAppRegistrar"
84-->[:firebase_storage] AndroidManifest.xml:10:17-126
85                android:value="com.google.firebase.components.ComponentRegistrar" />
85-->[:firebase_storage] AndroidManifest.xml:11:17-82
86            <meta-data
86-->[:firebase_core] AndroidManifest.xml:9:13-11:85
87                android:name="com.google.firebase.components:io.flutter.plugins.firebase.core.FlutterFirebaseCoreRegistrar"
87-->[:firebase_core] AndroidManifest.xml:10:17-124
88                android:value="com.google.firebase.components.ComponentRegistrar" />
88-->[:firebase_core] AndroidManifest.xml:11:17-82
89            <meta-data
89-->[com.google.firebase:firebase-auth:23.2.0] AndroidManifest.xml:69:13-71:85
90                android:name="com.google.firebase.components:com.google.firebase.auth.FirebaseAuthRegistrar"
90-->[com.google.firebase:firebase-auth:23.2.0] AndroidManifest.xml:70:17-109
91                android:value="com.google.firebase.components.ComponentRegistrar" />
91-->[com.google.firebase:firebase-auth:23.2.0] AndroidManifest.xml:71:17-82
92            <meta-data
92-->[com.google.firebase:firebase-firestore:25.1.3] AndroidManifest.xml:17:13-19:85
93                android:name="com.google.firebase.components:com.google.firebase.firestore.FirebaseFirestoreKtxRegistrar"
93-->[com.google.firebase:firebase-firestore:25.1.3] AndroidManifest.xml:18:17-122
94                android:value="com.google.firebase.components.ComponentRegistrar" />
94-->[com.google.firebase:firebase-firestore:25.1.3] AndroidManifest.xml:19:17-82
95            <meta-data
95-->[com.google.firebase:firebase-firestore:25.1.3] AndroidManifest.xml:20:13-22:85
96                android:name="com.google.firebase.components:com.google.firebase.firestore.FirestoreRegistrar"
96-->[com.google.firebase:firebase-firestore:25.1.3] AndroidManifest.xml:21:17-111
97                android:value="com.google.firebase.components.ComponentRegistrar" />
97-->[com.google.firebase:firebase-firestore:25.1.3] AndroidManifest.xml:22:17-82
98            <meta-data
98-->[com.google.firebase:firebase-storage:21.0.1] AndroidManifest.xml:30:13-32:85
99                android:name="com.google.firebase.components:com.google.firebase.storage.FirebaseStorageKtxRegistrar"
99-->[com.google.firebase:firebase-storage:21.0.1] AndroidManifest.xml:31:17-118
100                android:value="com.google.firebase.components.ComponentRegistrar" />
100-->[com.google.firebase:firebase-storage:21.0.1] AndroidManifest.xml:32:17-82
101            <meta-data
101-->[com.google.firebase:firebase-storage:21.0.1] AndroidManifest.xml:33:13-35:85
102                android:name="com.google.firebase.components:com.google.firebase.storage.StorageRegistrar"
102-->[com.google.firebase:firebase-storage:21.0.1] AndroidManifest.xml:34:17-107
103                android:value="com.google.firebase.components.ComponentRegistrar" />
103-->[com.google.firebase:firebase-storage:21.0.1] AndroidManifest.xml:35:17-82
104            <meta-data
104-->[com.google.firebase:firebase-appcheck:18.0.0] AndroidManifest.xml:25:13-27:85
105                android:name="com.google.firebase.components:com.google.firebase.appcheck.FirebaseAppCheckKtxRegistrar"
105-->[com.google.firebase:firebase-appcheck:18.0.0] AndroidManifest.xml:26:17-120
106                android:value="com.google.firebase.components.ComponentRegistrar" />
106-->[com.google.firebase:firebase-appcheck:18.0.0] AndroidManifest.xml:27:17-82
107            <meta-data
107-->[com.google.firebase:firebase-appcheck:18.0.0] AndroidManifest.xml:28:13-30:85
108                android:name="com.google.firebase.components:com.google.firebase.appcheck.FirebaseAppCheckRegistrar"
108-->[com.google.firebase:firebase-appcheck:18.0.0] AndroidManifest.xml:29:17-117
109                android:value="com.google.firebase.components.ComponentRegistrar" />
109-->[com.google.firebase:firebase-appcheck:18.0.0] AndroidManifest.xml:30:17-82
110            <meta-data
110-->[com.google.firebase:firebase-common-ktx:21.0.0] AndroidManifest.xml:12:13-14:85
111                android:name="com.google.firebase.components:com.google.firebase.ktx.FirebaseCommonLegacyRegistrar"
111-->[com.google.firebase:firebase-common-ktx:21.0.0] AndroidManifest.xml:13:17-116
112                android:value="com.google.firebase.components.ComponentRegistrar" />
112-->[com.google.firebase:firebase-common-ktx:21.0.0] AndroidManifest.xml:14:17-82
113            <meta-data
113-->[com.google.firebase:firebase-common:21.0.0] AndroidManifest.xml:35:13-37:85
114                android:name="com.google.firebase.components:com.google.firebase.FirebaseCommonKtxRegistrar"
114-->[com.google.firebase:firebase-common:21.0.0] AndroidManifest.xml:36:17-109
115                android:value="com.google.firebase.components.ComponentRegistrar" />
115-->[com.google.firebase:firebase-common:21.0.0] AndroidManifest.xml:37:17-82
116        </service>
117
118        <activity
118-->[com.google.firebase:firebase-auth:23.2.0] AndroidManifest.xml:29:9-46:20
119            android:name="com.google.firebase.auth.internal.GenericIdpActivity"
119-->[com.google.firebase:firebase-auth:23.2.0] AndroidManifest.xml:30:13-80
120            android:excludeFromRecents="true"
120-->[com.google.firebase:firebase-auth:23.2.0] AndroidManifest.xml:31:13-46
121            android:exported="true"
121-->[com.google.firebase:firebase-auth:23.2.0] AndroidManifest.xml:32:13-36
122            android:launchMode="singleTask"
122-->[com.google.firebase:firebase-auth:23.2.0] AndroidManifest.xml:33:13-44
123            android:theme="@android:style/Theme.Translucent.NoTitleBar" >
123-->[com.google.firebase:firebase-auth:23.2.0] AndroidManifest.xml:34:13-72
124            <intent-filter>
124-->[com.google.firebase:firebase-auth:23.2.0] AndroidManifest.xml:35:13-45:29
125                <action android:name="android.intent.action.VIEW" />
125-->src/main/AndroidManifest.xml:9:13-65
125-->src/main/AndroidManifest.xml:9:21-62
126
127                <category android:name="android.intent.category.DEFAULT" />
127-->[com.google.firebase:firebase-auth:23.2.0] AndroidManifest.xml:38:17-76
127-->[com.google.firebase:firebase-auth:23.2.0] AndroidManifest.xml:38:27-73
128                <category android:name="android.intent.category.BROWSABLE" />
128-->src/main/AndroidManifest.xml:10:13-74
128-->src/main/AndroidManifest.xml:10:23-71
129
130                <data
130-->src/main/AndroidManifest.xml:11:13-44
131                    android:host="firebase.auth"
132                    android:path="/"
133                    android:scheme="genericidp" />
133-->src/main/AndroidManifest.xml:11:19-41
134            </intent-filter>
135        </activity>
136        <activity
136-->[com.google.firebase:firebase-auth:23.2.0] AndroidManifest.xml:47:9-64:20
137            android:name="com.google.firebase.auth.internal.RecaptchaActivity"
137-->[com.google.firebase:firebase-auth:23.2.0] AndroidManifest.xml:48:13-79
138            android:excludeFromRecents="true"
138-->[com.google.firebase:firebase-auth:23.2.0] AndroidManifest.xml:49:13-46
139            android:exported="true"
139-->[com.google.firebase:firebase-auth:23.2.0] AndroidManifest.xml:50:13-36
140            android:launchMode="singleTask"
140-->[com.google.firebase:firebase-auth:23.2.0] AndroidManifest.xml:51:13-44
141            android:theme="@android:style/Theme.Translucent.NoTitleBar" >
141-->[com.google.firebase:firebase-auth:23.2.0] AndroidManifest.xml:52:13-72
142            <intent-filter>
142-->[com.google.firebase:firebase-auth:23.2.0] AndroidManifest.xml:53:13-63:29
143                <action android:name="android.intent.action.VIEW" />
143-->src/main/AndroidManifest.xml:9:13-65
143-->src/main/AndroidManifest.xml:9:21-62
144
145                <category android:name="android.intent.category.DEFAULT" />
145-->[com.google.firebase:firebase-auth:23.2.0] AndroidManifest.xml:38:17-76
145-->[com.google.firebase:firebase-auth:23.2.0] AndroidManifest.xml:38:27-73
146                <category android:name="android.intent.category.BROWSABLE" />
146-->src/main/AndroidManifest.xml:10:13-74
146-->src/main/AndroidManifest.xml:10:23-71
147
148                <data
148-->src/main/AndroidManifest.xml:11:13-44
149                    android:host="firebase.auth"
150                    android:path="/"
151                    android:scheme="recaptcha" />
151-->src/main/AndroidManifest.xml:11:19-41
152            </intent-filter>
153        </activity>
154
155        <provider
155-->[:image_picker_android] AndroidManifest.xml:9:9-17:20
156            android:name="io.flutter.plugins.imagepicker.ImagePickerFileProvider"
156-->[:image_picker_android] AndroidManifest.xml:10:13-82
157            android:authorities="com.farmai.admin.flutter.image_provider"
157-->[:image_picker_android] AndroidManifest.xml:11:13-74
158            android:exported="false"
158-->[:image_picker_android] AndroidManifest.xml:12:13-37
159            android:grantUriPermissions="true" >
159-->[:image_picker_android] AndroidManifest.xml:13:13-47
160            <meta-data
160-->[:image_picker_android] AndroidManifest.xml:14:13-16:75
161                android:name="android.support.FILE_PROVIDER_PATHS"
161-->[:image_picker_android] AndroidManifest.xml:15:17-67
162                android:resource="@xml/flutter_image_picker_file_paths" />
162-->[:image_picker_android] AndroidManifest.xml:16:17-72
163        </provider> <!-- Trigger Google Play services to install the backported photo picker module. -->
164        <service
164-->[:image_picker_android] AndroidManifest.xml:19:9-31:19
165            android:name="com.google.android.gms.metadata.ModuleDependencies"
165-->[:image_picker_android] AndroidManifest.xml:20:13-78
166            android:enabled="false"
166-->[:image_picker_android] AndroidManifest.xml:21:13-36
167            android:exported="false" >
167-->[:image_picker_android] AndroidManifest.xml:22:13-37
168            <intent-filter>
168-->[:image_picker_android] AndroidManifest.xml:24:13-26:29
169                <action android:name="com.google.android.gms.metadata.MODULE_DEPENDENCIES" />
169-->[:image_picker_android] AndroidManifest.xml:25:17-94
169-->[:image_picker_android] AndroidManifest.xml:25:25-91
170            </intent-filter>
171
172            <meta-data
172-->[:image_picker_android] AndroidManifest.xml:28:13-30:36
173                android:name="photopicker_activity:0:required"
173-->[:image_picker_android] AndroidManifest.xml:29:17-63
174                android:value="" />
174-->[:image_picker_android] AndroidManifest.xml:30:17-33
175        </service>
176
177        <activity
177-->[:url_launcher_android] AndroidManifest.xml:8:9-11:74
178            android:name="io.flutter.plugins.urllauncher.WebViewActivity"
178-->[:url_launcher_android] AndroidManifest.xml:9:13-74
179            android:exported="false"
179-->[:url_launcher_android] AndroidManifest.xml:10:13-37
180            android:theme="@android:style/Theme.NoTitleBar.Fullscreen" />
180-->[:url_launcher_android] AndroidManifest.xml:11:13-71
181
182        <provider
182-->[com.google.firebase:firebase-common:21.0.0] AndroidManifest.xml:23:9-28:39
183            android:name="com.google.firebase.provider.FirebaseInitProvider"
183-->[com.google.firebase:firebase-common:21.0.0] AndroidManifest.xml:24:13-77
184            android:authorities="com.farmai.admin.firebaseinitprovider"
184-->[com.google.firebase:firebase-common:21.0.0] AndroidManifest.xml:25:13-72
185            android:directBootAware="true"
185-->[com.google.firebase:firebase-common:21.0.0] AndroidManifest.xml:26:13-43
186            android:exported="false"
186-->[com.google.firebase:firebase-common:21.0.0] AndroidManifest.xml:27:13-37
187            android:initOrder="100" />
187-->[com.google.firebase:firebase-common:21.0.0] AndroidManifest.xml:28:13-36
188
189        <service
189-->[androidx.credentials:credentials-play-services-auth:1.2.0-rc01] AndroidManifest.xml:24:9-32:19
190            android:name="androidx.credentials.playservices.CredentialProviderMetadataHolder"
190-->[androidx.credentials:credentials-play-services-auth:1.2.0-rc01] AndroidManifest.xml:25:13-94
191            android:enabled="true"
191-->[androidx.credentials:credentials-play-services-auth:1.2.0-rc01] AndroidManifest.xml:26:13-35
192            android:exported="false" >
192-->[androidx.credentials:credentials-play-services-auth:1.2.0-rc01] AndroidManifest.xml:27:13-37
193            <meta-data
193-->[androidx.credentials:credentials-play-services-auth:1.2.0-rc01] AndroidManifest.xml:29:13-31:104
194                android:name="androidx.credentials.CREDENTIAL_PROVIDER_KEY"
194-->[androidx.credentials:credentials-play-services-auth:1.2.0-rc01] AndroidManifest.xml:30:17-76
195                android:value="androidx.credentials.playservices.CredentialProviderPlayServicesImpl" />
195-->[androidx.credentials:credentials-play-services-auth:1.2.0-rc01] AndroidManifest.xml:31:17-101
196        </service>
197
198        <activity
198-->[androidx.credentials:credentials-play-services-auth:1.2.0-rc01] AndroidManifest.xml:34:9-41:20
199            android:name="androidx.credentials.playservices.HiddenActivity"
199-->[androidx.credentials:credentials-play-services-auth:1.2.0-rc01] AndroidManifest.xml:35:13-76
200            android:configChanges="orientation|screenSize|screenLayout|keyboardHidden"
200-->[androidx.credentials:credentials-play-services-auth:1.2.0-rc01] AndroidManifest.xml:36:13-87
201            android:enabled="true"
201-->[androidx.credentials:credentials-play-services-auth:1.2.0-rc01] AndroidManifest.xml:37:13-35
202            android:exported="false"
202-->[androidx.credentials:credentials-play-services-auth:1.2.0-rc01] AndroidManifest.xml:38:13-37
203            android:fitsSystemWindows="true"
203-->[androidx.credentials:credentials-play-services-auth:1.2.0-rc01] AndroidManifest.xml:39:13-45
204            android:theme="@style/Theme.Hidden" >
204-->[androidx.credentials:credentials-play-services-auth:1.2.0-rc01] AndroidManifest.xml:40:13-48
205        </activity>
206        <activity
206-->[com.google.android.gms:play-services-auth:20.7.0] AndroidManifest.xml:23:9-27:75
207            android:name="com.google.android.gms.auth.api.signin.internal.SignInHubActivity"
207-->[com.google.android.gms:play-services-auth:20.7.0] AndroidManifest.xml:24:13-93
208            android:excludeFromRecents="true"
208-->[com.google.android.gms:play-services-auth:20.7.0] AndroidManifest.xml:25:13-46
209            android:exported="false"
209-->[com.google.android.gms:play-services-auth:20.7.0] AndroidManifest.xml:26:13-37
210            android:theme="@android:style/Theme.Translucent.NoTitleBar" />
210-->[com.google.android.gms:play-services-auth:20.7.0] AndroidManifest.xml:27:13-72
211        <!--
212            Service handling Google Sign-In user revocation. For apps that do not integrate with
213            Google Sign-In, this service will never be started.
214        -->
215        <service
215-->[com.google.android.gms:play-services-auth:20.7.0] AndroidManifest.xml:33:9-37:51
216            android:name="com.google.android.gms.auth.api.signin.RevocationBoundService"
216-->[com.google.android.gms:play-services-auth:20.7.0] AndroidManifest.xml:34:13-89
217            android:exported="true"
217-->[com.google.android.gms:play-services-auth:20.7.0] AndroidManifest.xml:35:13-36
218            android:permission="com.google.android.gms.auth.api.signin.permission.REVOCATION_NOTIFICATION"
218-->[com.google.android.gms:play-services-auth:20.7.0] AndroidManifest.xml:36:13-107
219            android:visibleToInstantApps="true" />
219-->[com.google.android.gms:play-services-auth:20.7.0] AndroidManifest.xml:37:13-48
220
221        <activity
221-->[com.google.android.gms:play-services-base:18.1.0] AndroidManifest.xml:20:9-22:45
222            android:name="com.google.android.gms.common.api.GoogleApiActivity"
222-->[com.google.android.gms:play-services-base:18.1.0] AndroidManifest.xml:20:19-85
223            android:exported="false"
223-->[com.google.android.gms:play-services-base:18.1.0] AndroidManifest.xml:22:19-43
224            android:theme="@android:style/Theme.Translucent.NoTitleBar" />
224-->[com.google.android.gms:play-services-base:18.1.0] AndroidManifest.xml:21:19-78
225
226        <provider
226-->[androidx.lifecycle:lifecycle-process:2.7.0] AndroidManifest.xml:24:9-32:20
227            android:name="androidx.startup.InitializationProvider"
227-->[androidx.lifecycle:lifecycle-process:2.7.0] AndroidManifest.xml:25:13-67
228            android:authorities="com.farmai.admin.androidx-startup"
228-->[androidx.lifecycle:lifecycle-process:2.7.0] AndroidManifest.xml:26:13-68
229            android:exported="false" >
229-->[androidx.lifecycle:lifecycle-process:2.7.0] AndroidManifest.xml:27:13-37
230            <meta-data
230-->[androidx.lifecycle:lifecycle-process:2.7.0] AndroidManifest.xml:29:13-31:52
231                android:name="androidx.lifecycle.ProcessLifecycleInitializer"
231-->[androidx.lifecycle:lifecycle-process:2.7.0] AndroidManifest.xml:30:17-78
232                android:value="androidx.startup" />
232-->[androidx.lifecycle:lifecycle-process:2.7.0] AndroidManifest.xml:31:17-49
233            <meta-data
233-->[androidx.profileinstaller:profileinstaller:1.3.1] AndroidManifest.xml:29:13-31:52
234                android:name="androidx.profileinstaller.ProfileInstallerInitializer"
234-->[androidx.profileinstaller:profileinstaller:1.3.1] AndroidManifest.xml:30:17-85
235                android:value="androidx.startup" />
235-->[androidx.profileinstaller:profileinstaller:1.3.1] AndroidManifest.xml:31:17-49
236        </provider>
237
238        <uses-library
238-->[androidx.window:window:1.2.0] AndroidManifest.xml:23:9-25:40
239            android:name="androidx.window.extensions"
239-->[androidx.window:window:1.2.0] AndroidManifest.xml:24:13-54
240            android:required="false" />
240-->[androidx.window:window:1.2.0] AndroidManifest.xml:25:13-37
241        <uses-library
241-->[androidx.window:window:1.2.0] AndroidManifest.xml:26:9-28:40
242            android:name="androidx.window.sidecar"
242-->[androidx.window:window:1.2.0] AndroidManifest.xml:27:13-51
243            android:required="false" />
243-->[androidx.window:window:1.2.0] AndroidManifest.xml:28:13-37
244
245        <meta-data
245-->[com.google.android.gms:play-services-basement:18.4.0] AndroidManifest.xml:6:9-122
246            android:name="com.google.android.gms.version"
246-->[com.google.android.gms:play-services-basement:18.4.0] AndroidManifest.xml:6:20-65
247            android:value="@integer/google_play_services_version" />
247-->[com.google.android.gms:play-services-basement:18.4.0] AndroidManifest.xml:6:66-119
248
249        <receiver
249-->[androidx.profileinstaller:profileinstaller:1.3.1] AndroidManifest.xml:34:9-52:20
250            android:name="androidx.profileinstaller.ProfileInstallReceiver"
250-->[androidx.profileinstaller:profileinstaller:1.3.1] AndroidManifest.xml:35:13-76
251            android:directBootAware="false"
251-->[androidx.profileinstaller:profileinstaller:1.3.1] AndroidManifest.xml:36:13-44
252            android:enabled="true"
252-->[androidx.profileinstaller:profileinstaller:1.3.1] AndroidManifest.xml:37:13-35
253            android:exported="true"
253-->[androidx.profileinstaller:profileinstaller:1.3.1] AndroidManifest.xml:38:13-36
254            android:permission="android.permission.DUMP" >
254-->[androidx.profileinstaller:profileinstaller:1.3.1] AndroidManifest.xml:39:13-57
255            <intent-filter>
255-->[androidx.profileinstaller:profileinstaller:1.3.1] AndroidManifest.xml:40:13-42:29
256                <action android:name="androidx.profileinstaller.action.INSTALL_PROFILE" />
256-->[androidx.profileinstaller:profileinstaller:1.3.1] AndroidManifest.xml:41:17-91
256-->[androidx.profileinstaller:profileinstaller:1.3.1] AndroidManifest.xml:41:25-88
257            </intent-filter>
258            <intent-filter>
258-->[androidx.profileinstaller:profileinstaller:1.3.1] AndroidManifest.xml:43:13-45:29
259                <action android:name="androidx.profileinstaller.action.SKIP_FILE" />
259-->[androidx.profileinstaller:profileinstaller:1.3.1] AndroidManifest.xml:44:17-85
259-->[androidx.profileinstaller:profileinstaller:1.3.1] AndroidManifest.xml:44:25-82
260            </intent-filter>
261            <intent-filter>
261-->[androidx.profileinstaller:profileinstaller:1.3.1] AndroidManifest.xml:46:13-48:29
262                <action android:name="androidx.profileinstaller.action.SAVE_PROFILE" />
262-->[androidx.profileinstaller:profileinstaller:1.3.1] AndroidManifest.xml:47:17-88
262-->[androidx.profileinstaller:profileinstaller:1.3.1] AndroidManifest.xml:47:25-85
263            </intent-filter>
264            <intent-filter>
264-->[androidx.profileinstaller:profileinstaller:1.3.1] AndroidManifest.xml:49:13-51:29
265                <action android:name="androidx.profileinstaller.action.BENCHMARK_OPERATION" />
265-->[androidx.profileinstaller:profileinstaller:1.3.1] AndroidManifest.xml:50:17-95
265-->[androidx.profileinstaller:profileinstaller:1.3.1] AndroidManifest.xml:50:25-92
266            </intent-filter>
267        </receiver> <!-- The activities will be merged into the manifest of the hosting app. -->
268        <activity
268-->[com.google.android.play:core-common:2.0.3] AndroidManifest.xml:14:9-18:65
269            android:name="com.google.android.play.core.common.PlayCoreDialogWrapperActivity"
269-->[com.google.android.play:core-common:2.0.3] AndroidManifest.xml:15:13-93
270            android:exported="false"
270-->[com.google.android.play:core-common:2.0.3] AndroidManifest.xml:16:13-37
271            android:stateNotNeeded="true"
271-->[com.google.android.play:core-common:2.0.3] AndroidManifest.xml:17:13-42
272            android:theme="@style/Theme.PlayCore.Transparent" />
272-->[com.google.android.play:core-common:2.0.3] AndroidManifest.xml:18:13-62
273    </application>
274
275</manifest>